<?xml version='1.1' encoding='UTF-8'?>
<project>
  <actions/>
  <description></description>
  <keepDependencies>false</keepDependencies>
  <properties>
    <com.dabsquared.gitlabjenkins.connection.GitLabConnectionProperty plugin="gitlab-plugin@1.9.6">
      <gitLabConnection></gitLabConnection>
      <jobCredentialId></jobCredentialId>
      <useAlternativeCredential>false</useAlternativeCredential>
    </com.dabsquared.gitlabjenkins.connection.GitLabConnectionProperty>
  </properties>
  <scm class="hudson.plugins.git.GitSCM" plugin="git@5.6.0">
    <configVersion>2</configVersion>
    <userRemoteConfigs>
      <hudson.plugins.git.UserRemoteConfig>
        <url>https://github.com/Ethan0ll9/jenkins-test.git</url>
      </hudson.plugins.git.UserRemoteConfig>
    </userRemoteConfigs>
    <branches>
      <hudson.plugins.git.BranchSpec>
        <name>*/main</name>
      </hudson.plugins.git.BranchSpec>
    </branches>
    <doGenerateSubmoduleConfigurations>false</doGenerateSubmoduleConfigurations>
    <submoduleCfg class="empty-list"/>
    <extensions/>
  </scm>
  <canRoam>true</canRoam>
  <disabled>false</disabled>
  <blockBuildWhenDownstreamBuilding>false</blockBuildWhenDownstreamBuilding>
  <blockBuildWhenUpstreamBuilding>false</blockBuildWhenUpstreamBuilding>
  <triggers>
    <com.dabsquared.gitlabjenkins.GitLabPushTrigger plugin="gitlab-plugin@1.9.6">
      <spec></spec>
      <triggerOnPush>true</triggerOnPush>
      <triggerToBranchDeleteRequest>false</triggerToBranchDeleteRequest>
      <triggerOnMergeRequest>true</triggerOnMergeRequest>
      <triggerOnlyIfNewCommitsPushed>false</triggerOnlyIfNewCommitsPushed>
      <triggerOnPipelineEvent>false</triggerOnPipelineEvent>
      <triggerOnAcceptedMergeRequest>false</triggerOnAcceptedMergeRequest>
      <triggerOnClosedMergeRequest>false</triggerOnClosedMergeRequest>
      <triggerOnApprovedMergeRequest>true</triggerOnApprovedMergeRequest>
      <triggerOpenMergeRequestOnPush>never</triggerOpenMergeRequestOnPush>
      <triggerOnNoteRequest>true</triggerOnNoteRequest>
      <noteRegex>Jenkins please retry a build</noteRegex>
      <ciSkip>true</ciSkip>
      <skipWorkInProgressMergeRequest>true</skipWorkInProgressMergeRequest>
      <labelsThatForcesBuildIfAdded></labelsThatForcesBuildIfAdded>
      <setBuildDescription>true</setBuildDescription>
      <branchFilterType>All</branchFilterType>
      <includeBranchesSpec></includeBranchesSpec>
      <excludeBranchesSpec></excludeBranchesSpec>
      <sourceBranchRegex></sourceBranchRegex>
      <targetBranchRegex></targetBranchRegex>
      <secretToken>{AQAAABAAAAAwYSnoTj1OJk2cDuOLNaLxfgD17ZAeA++kt64ifSqbT5R1gnEh0mN3bgRm6O9GBE4jqwiy9vZIrlI+NQ5ClkdY0w==}</secretToken>
      <pendingBuildName></pendingBuildName>
      <cancelPendingBuildsOnUpdate>false</cancelPendingBuildsOnUpdate>
    </com.dabsquared.gitlabjenkins.GitLabPushTrigger>
    <com.cloudbees.jenkins.GitHubPushTrigger plugin="github@1.40.0">
      <spec></spec>
    </com.cloudbees.jenkins.GitHubPushTrigger>
  </triggers>
  <concurrentBuild>false</concurrentBuild>
  <builders>
    <hudson.tasks.Shell>
      <command>echo &quot;building !!!&quot;</command>
      <configuredLocalRules/>
    </hudson.tasks.Shell>
  </builders>
  <publishers/>
  <buildWrappers/>
</project>